1
3
3
3
4
5
8
8
8
9
9
11
17
17
17
18
19
19
23
23
24
25
26
26
27
27
27
28
28
28
30
30
31
31
33
35
35
35
35
36
37
39
39
40
41
42
43
43
43
44
44
46
46
47
47
48
48
49
49
50
50
50
51
52
52
52
53
54
55
55
55
58
59
59
59
61
63
65
66
66
67
67
68
69
71
71
74
74
75
76
76
79
79
80
83
83
84
86
89
89
92
92
92
94
95
98
98
98
99
99
100
101
104
106
106
107
108
108
108
109
110
110
111
111
111
113
114
114
115
115
117
117
117
118
120
122
122
122
123
124
124
125
125
127
127
128
128
129
130
130
132
132
132
135
136
136
138
139
140
141
141
142
142
142
144
146
146
148
148
148
149
152
152
153
154
154
154
155
156
157
157
158
159
160
161
163
170
172
172
172
175
176
177
179
180
180
183
184
185
186
189
189
190
190
191
191
191
192
192
192
193
193
196
196
196
198
200
200
201
201
203
203
204
205
205
206
210
210
212
212
213
214
214
215
215
215
216
217
217
221
226
227
227
227
228
230
231
231
231
233
234
235
238
241
241
241
243
244
244
245
245
246
247
247
247
247
248
250
251
251
253
254
254
255
255
255
256
256
257
258
261
261
265
266
267
268
268
269
271
272
273
273
274
275
277
278
279
281
282
283
285
285
286
286
286
287
289
292
292
293
293
299
299
299
299
300
300
302
303
306
308
310
311
311
311
313
314
315
315
317
317
318
319
320
320
321
321
321
321
324
326
326
327
327
329
331
332
332
332
333
334
335
336
338
338
338
338
341
343
344
347
347
348
349
349
351
353
355
355
357
357
357
358
358
358
360
361
361
362
363
363
363
364
366
367
367
367
369
370
370
370
371
372
374
376
376
378
379
379
380
383
383
383
388
388
392
393
393
396
397
398
400
401
401
401
401
402
403
404
405
405
405
406
407
408
408
409
409
410
410
412
412
412
412
413
414
414
414
414
416
417
421
422
424
424
426
429
430
434
434
434
435
436
436
438
439
439
442
443
443
443
445
447
447
447
447
449
450
452
452
453
455
456
457
459
463
463
463
464
464
464
466
467
470
470
471
471
471
473
473
475
476
477
477
478
478
480
482
482
483
483
484
484
486
488
488
489
489
490
492
493
495
496
496
496
498
498
498
498
499
499
499
500
500
500
501
501
502
502
502
503
504
504
505
505
508
509
511
511
512
512
512
514
514
514
518
518
520
521
524
525
526
528
529
530
533
534
534
534
536
536
537
537
538
538
539
541
541
543
543
545
547
547
549
549
551
551
558
559
559
563
565
567
568
568
568
571
572
575
576
577
580
580
580
581
581
582
586
586
587
587
588
588
590
591
593
596
598
598
599
599
601
601
602
604
604
604
605
606
609
609
609
611
612
613
613
615
615
615
616
616
616
617
617
618
619
619
620
621
621
622
623
625
628
628
631
632
633
634
634
636
637
639
639
640
640
641
643
644
645
646
647
647
650
651
652
653
655
656
656
657
657
657
658
658
659
660
662
663
666
669
672
674
674
677
679
679
679
679
680
680
681
684
685
686
688
689
690
692
692
692
693
694
694
695
696
697
703
703
704
704
705
705
706
706
707
707
709
711
711
712
712
714
715
715
717
717
718
718
718
719
719
720
720
721
721
722
722
723
724
725
725
725
726
727
727
728
729
730
732
732
734
734
736
738
738
738
738
744
745
749
751
752
753
754
755
755
756
756
757
758
759
762
765
765
765
765
768
768
769
771
778
778
778
779
783
784
786
789
790
790
791
792
793
793
797
797
797
797
800
801
802
802
803
804
805
806
807
808
809
810
811
812
813
813
814
815
815
817
817
817
819
819
820
822
822
823
823
824
824
824
824
827
828
831
831
831
832
833
834
834
834
837
837
838
839
841
842
843
844
845
845
846
849
850
850
850
851
851
853
854
854
854
855
856
856
857
857
858
859
859
860
860
861
862
864
864
868
871
872
872
872
873
874
875
875
880
882
883
883
884
890
890
892
893
899
900
900
902
902
902
905
907
908
910
912
913
914
914
916
917
917
918
918
922
923
923
923
924
925
928
929
931
932
932
932
932
933
933
935
935
937
937
937
939
940
941
941
942
942
942
942
943
943
945
950
951
952
953
955
955
957
958
959
960
960
961
961
962
963
964
965
965
966
968
969
970
971
972
972
976
976
979
979
980
980
980
981
981
981
982
984
984
985
986
986
988
988
988
990
990
994
994
994
995
996
996
998
999
999
